2022-08-31 14:10:32.721 [DEBU] {c86297251a59101745b6143c1280df5c} [1386 ms] [default] [rows:3  ] SHOW FULL COLUMNS FROM `Address` 
2022-08-31 14:10:33.281 [DEBU] {c86297251a59101745b6143c1280df5c} [559 ms] [default] [rows:1  ] SELECT COUNT(1) FROM `Address` WHERE `addr`='0x9A454A8a4DfBc8cF31e555D54EbbB6e0250876d3' 
2022-08-31 14:10:34.053 [DEBU] {c86297251a59101745b6143c1280df5c} [772 ms] [default] [rows:1  ] INSERT INTO `Address`(`addr`) VALUES('0x9A454A8a4DfBc8cF31e555D54EbbB6e0250876d3')  
2022-08-31 14:10:34.610 [DEBU] {c86297251a59101745b6143c1280df5c} [556 ms] [default] [rows:1  ] SELECT COUNT(1) FROM `Address` WHERE `addr`='0xD5AF57D644a71689794655589736Af2396451597' 
2022-08-31 14:10:35.499 [DEBU] {c86297251a59101745b6143c1280df5c} [888 ms] [default] [rows:1  ] INSERT INTO `Address`(`addr`) VALUES('0xD5AF57D644a71689794655589736Af2396451597')  
2022-08-31 14:10:36.100 [DEBU] {c86297251a59101745b6143c1280df5c} [599 ms] [default] [rows:1  ] SELECT COUNT(1) FROM `Address` WHERE `addr`='0x4F16Ee8461594bAF889511BdA115Ec12548B55Da' 
2022-08-31 14:10:36.966 [DEBU] {c86297251a59101745b6143c1280df5c} [866 ms] [default] [rows:1  ] INSERT INTO `Address`(`addr`) VALUES('0x4F16Ee8461594bAF889511BdA115Ec12548B55Da')  
2022-08-31 14:10:37.457 [DEBU] {c86297251a59101745b6143c1280df5c} [491 ms] [default] [rows:1  ] SELECT COUNT(1) FROM `Address` WHERE `addr`='0xEF56FE209ED5C89f64405E3C4640d36c66981e06' 
2022-08-31 14:10:38.659 [DEBU] {c86297251a59101745b6143c1280df5c} [1202 ms] [default] [rows:1  ] INSERT INTO `Address`(`addr`) VALUES('0xEF56FE209ED5C89f64405E3C4640d36c66981e06')  
2022-08-31 14:10:39.275 [DEBU] {c86297251a59101745b6143c1280df5c} [615 ms] [default] [rows:1  ] SELECT COUNT(1) FROM `Address` WHERE `addr`='0x1da4D588dEB325b461FaB9E4F37586ce9A372d3D' 
2022-08-31 14:10:39.966 [DEBU] {c86297251a59101745b6143c1280df5c} [691 ms] [default] [rows:1  ] INSERT INTO `Address`(`addr`) VALUES('0x1da4D588dEB325b461FaB9E4F37586ce9A372d3D')  
2022-08-31 14:10:40.606 [DEBU] {c86297251a59101745b6143c1280df5c} [640 ms] [default] [rows:1  ] SELECT COUNT(1) FROM `Address` WHERE `addr`='0x095c6e2f71f7e737d0B2360244E2d7e0278FBd04' 
2022-08-31 14:10:41.426 [DEBU] {c86297251a59101745b6143c1280df5c} [820 ms] [default] [rows:1  ] INSERT INTO `Address`(`addr`) VALUES('0x095c6e2f71f7e737d0B2360244E2d7e0278FBd04')  
2022-08-31 14:10:42.040 [DEBU] {c86297251a59101745b6143c1280df5c} [613 ms] [default] [rows:1  ] SELECT COUNT(1) FROM `Address` WHERE `addr`='0x33F83DA2229318f192ac99DEDf0C31064Ca5acfB' 
2022-08-31 14:10:42.655 [DEBU] {c86297251a59101745b6143c1280df5c} [615 ms] [default] [rows:1  ] INSERT INTO `Address`(`addr`) VALUES('0x33F83DA2229318f192ac99DEDf0C31064Ca5acfB')  
2022-08-31 14:10:43.291 [DEBU] {c86297251a59101745b6143c1280df5c} [636 ms] [default] [rows:1  ] SELECT COUNT(1) FROM `Address` WHERE `addr`='0x1e628c4D33dc1737e44945444B58a2a80Eb0eA45' 
2022-08-31 14:10:44.086 [DEBU] {c86297251a59101745b6143c1280df5c} [795 ms] [default] [rows:1  ] INSERT INTO `Address`(`addr`) VALUES('0x1e628c4D33dc1737e44945444B58a2a80Eb0eA45')  
2022-08-31 14:10:44.702 [DEBU] {c86297251a59101745b6143c1280df5c} [615 ms] [default] [rows:1  ] SELECT COUNT(1) FROM `Address` WHERE `addr`='0xfc8Fb751DD0b908A4c3dc89E418E0f04D7aB8BEd' 
2022-08-31 14:10:45.318 [DEBU] {c86297251a59101745b6143c1280df5c} [615 ms] [default] [rows:1  ] INSERT INTO `Address`(`addr`) VALUES('0xfc8Fb751DD0b908A4c3dc89E418E0f04D7aB8BEd')  
2022-08-31 14:10:45.932 [DEBU] {c86297251a59101745b6143c1280df5c} [614 ms] [default] [rows:1  ] SELECT COUNT(1) FROM `Address` WHERE `addr`='0x6b88fd2825a2A12317FF9fEB462f8762Ff5BddeE' 
2022-08-31 14:10:46.660 [DEBU] {c86297251a59101745b6143c1280df5c} [728 ms] [default] [rows:1  ] INSERT INTO `Address`(`addr`) VALUES('0x6b88fd2825a2A12317FF9fEB462f8762Ff5BddeE')  
2022-08-31 14:10:47.261 [DEBU] {c86297251a59101745b6143c1280df5c} [600 ms] [default] [rows:1  ] SELECT COUNT(1) FROM `Address` WHERE `addr`='0x884Ccf504453cd36D4076C694e578B129CC9EAaE' 
2022-08-31 14:10:47.944 [DEBU] {c86297251a59101745b6143c1280df5c} [682 ms] [default] [rows:1  ] INSERT INTO `Address`(`addr`) VALUES('0x884Ccf504453cd36D4076C694e578B129CC9EAaE')  
2022-08-31 14:10:48.594 [DEBU] {c86297251a59101745b6143c1280df5c} [650 ms] [default] [rows:1  ] SELECT COUNT(1) FROM `Address` WHERE `addr`='0x5420e79188e3d3FE9978b3392B596d4912005Cd4' 
2022-08-31 14:10:49.208 [DEBU] {c86297251a59101745b6143c1280df5c} [614 ms] [default] [rows:1  ] INSERT INTO `Address`(`addr`) VALUES('0x5420e79188e3d3FE9978b3392B596d4912005Cd4')  
2022-08-31 14:10:49.819 [DEBU] {c86297251a59101745b6143c1280df5c} [611 ms] [default] [rows:1  ] SELECT COUNT(1) FROM `Address` WHERE `addr`='0x1159727Fd2a3a058c3A7f6eAaE5Ee04d4EF30F21' 
2022-08-31 14:10:50.438 [DEBU] {c86297251a59101745b6143c1280df5c} [619 ms] [default] [rows:1  ] INSERT INTO `Address`(`addr`) VALUES('0x1159727Fd2a3a058c3A7f6eAaE5Ee04d4EF30F21')  
2022-08-31 14:10:51.050 [DEBU] {c86297251a59101745b6143c1280df5c} [611 ms] [default] [rows:1  ] SELECT COUNT(1) FROM `Address` WHERE `addr`='0xe3163e75f5D0AEDd8D50E61310e483d3f257ABB0' 
2022-08-31 14:10:51.769 [DEBU] {c86297251a59101745b6143c1280df5c} [718 ms] [default] [rows:1  ] INSERT INTO `Address`(`addr`) VALUES('0xe3163e75f5D0AEDd8D50E61310e483d3f257ABB0')  
2022-08-31 14:10:52.397 [DEBU] {c86297251a59101745b6143c1280df5c} [628 ms] [default] [rows:1  ] SELECT COUNT(1) FROM `Address` WHERE `addr`='0x5c07F2Ad7C7ffe3FAAF6Ea31824969aff52Df3F4' 
2022-08-31 14:10:53.100 [DEBU] {c86297251a59101745b6143c1280df5c} [703 ms] [default] [rows:1  ] INSERT INTO `Address`(`addr`) VALUES('0x5c07F2Ad7C7ffe3FAAF6Ea31824969aff52Df3F4')  
2022-08-31 14:10:53.716 [DEBU] {c86297251a59101745b6143c1280df5c} [615 ms] [default] [rows:1  ] SELECT COUNT(1) FROM `Address` WHERE `addr`='0x8Cf2BFD8ACC86DFd4E707Fa32DFcE09b465A2042' 
2022-08-31 14:10:54.431 [DEBU] {c86297251a59101745b6143c1280df5c} [715 ms] [default] [rows:1  ] INSERT INTO `Address`(`addr`) VALUES('0x8Cf2BFD8ACC86DFd4E707Fa32DFcE09b465A2042')  
2022-08-31 14:10:55.041 [DEBU] {c86297251a59101745b6143c1280df5c} [610 ms] [default] [rows:1  ] SELECT COUNT(1) FROM `Address` WHERE `addr`='0xaBB1C6cF8b3F046abD9A76001Fd0E547E732feA1' 
2022-08-31 14:10:55.757 [DEBU] {c86297251a59101745b6143c1280df5c} [716 ms] [default] [rows:1  ] INSERT INTO `Address`(`addr`) VALUES('0xaBB1C6cF8b3F046abD9A76001Fd0E547E732feA1')  
2022-08-31 14:10:56.376 [DEBU] {c86297251a59101745b6143c1280df5c} [618 ms] [default] [rows:1  ] SELECT COUNT(1) FROM `Address` WHERE `addr`='0xD6a9E13eC466e2a2EddC0b6fd5395Ad4F161E09a' 
2022-08-31 14:10:57.401 [DEBU] {c86297251a59101745b6143c1280df5c} [1025 ms] [default] [rows:1  ] INSERT INTO `Address`(`addr`) VALUES('0xD6a9E13eC466e2a2EddC0b6fd5395Ad4F161E09a')  
2022-08-31 14:10:57.944 [DEBU] {c86297251a59101745b6143c1280df5c} [542 ms] [default] [rows:1  ] SELECT COUNT(1) FROM `Address` WHERE `addr`='0x9c460e07168c98588cDeEeaaD577C857cF1B010e' 
2022-08-31 14:10:58.524 [DEBU] {c86297251a59101745b6143c1280df5c} [580 ms] [default] [rows:1  ] INSERT INTO `Address`(`addr`) VALUES('0x9c460e07168c98588cDeEeaaD577C857cF1B010e')  
2022-08-31 14:10:59.462 [DEBU] {c86297251a59101745b6143c1280df5c} [938 ms] [default] [rows:1  ] SELECT COUNT(1) FROM `Address` WHERE `addr`='0x2A630b7F800f8631046ECEb62277449867C04cA6' 
2022-08-31 14:11:00.366 [DEBU] {c86297251a59101745b6143c1280df5c} [904 ms] [default] [rows:1  ] INSERT INTO `Address`(`addr`) VALUES('0x2A630b7F800f8631046ECEb62277449867C04cA6')  
2022-08-31 14:11:00.944 [DEBU] {c86297251a59101745b6143c1280df5c} [578 ms] [default] [rows:1  ] SELECT COUNT(1) FROM `Address` WHERE `addr`='' 
2022-08-31 14:11:01.801 [DEBU] {c86297251a59101745b6143c1280df5c} [856 ms] [default] [rows:1  ] SELECT COUNT(1) FROM `Address` WHERE `addr`='' 
2022-08-31 14:11:02.541 [DEBU] {c86297251a59101745b6143c1280df5c} [740 ms] [default] [rows:1  ] SELECT COUNT(1) FROM `Address` WHERE `addr`='' 
